<?xml version="1.0" encoding="UTF-8"?>
<testsuites name="OneForAll" time="3.671" tests="3" failures="0" errors="0">
   <testsuite name="OneForAll" tests="3" failures="0" errors="0" time="3.671" skipped="0" timestamp="2023-10-13 23:52:20" hostname="vutha - JUMP-WINDOWS" id="Test Suites/OneForAll">
      <properties>
         <property name="deviceName" value=""/>
         <property name="devicePlatform" value=""/>
         <property name="logFolder" value="C:\\Users\\vutha\\git\\SampleWebAPITesting\\Reports\\20231013_235219\\OneForAll\\20231013_235219"/>
         <property name="logFiles" value="C:\\Users\\vutha\\git\\SampleWebAPITesting\\Reports\\20231013_235219\\OneForAll\\20231013_235219\\execution0.log"/>
         <property name="attachments" value=""/>
         <property name="hostName" value="vutha - JUMP-WINDOWS"/>
         <property name="hostAddress" value="10.0.0.1"/>
         <property name="os" value="Windows 11 64bit"/>
         <property name="katalonVersion" value="8.6.8.208"/>
      </properties>
      <testcase name="Test Cases/Bussiness/Success Login" time="2.044" classname="Test Cases/Bussiness/Success Login" status="PASSED">
         <system-out><![CDATA[2023-10-13 23:52:20 - [TEST_CASE][PASSED] - Test Cases/Bussiness/Success Login: Test Cases/Bussiness/Success Login

2023-10-13 23:52:21 - [TEST_STEP][PASSED] - response = sendRequest(findTestObject("Bussiness/Success Login")): Send request successfully

2023-10-13 23:52:22 - [MESSAGE][INFO] - HAR: C:\Users\vutha\git\SampleWebAPITesting\Reports\20231013_235219\OneForAll\20231013_235219\requests\main\0.har

2023-10-13 23:52:23 - [MESSAGE][PASSED] - Send request successfully

2023-10-13 23:52:23 - [TEST_STEP][PASSED] - verifyResponseStatusCode(response, 200): Verify response status code successfully

2023-10-13 23:52:23 - [MESSAGE][PASSED] - Verify response status code successfully]]></system-out>
         <system-err><![CDATA[]]></system-err>
      </testcase>
      <testcase name="Test Cases/Manage User/Create User" time="0.761" classname="Test Cases/Manage User/Create User" status="PASSED">
         <system-out><![CDATA[2023-10-13 23:52:23 - [TEST_CASE][PASSED] - Test Cases/Manage User/Create User: Test Cases/Manage User/Create User

2023-10-13 23:52:23 - [TEST_STEP][PASSED] - response = sendRequest(findTestObject("Manage User/Create User")): Send request successfully

2023-10-13 23:52:23 - [MESSAGE][INFO] - HAR: C:\Users\vutha\git\SampleWebAPITesting\Reports\20231013_235219\OneForAll\20231013_235219\requests\main\1.har

2023-10-13 23:52:23 - [MESSAGE][PASSED] - Send request successfully

2023-10-13 23:52:23 - [TEST_STEP][PASSED] - verifyResponseStatusCode(response, 201): Verify response status code successfully

2023-10-13 23:52:23 - [MESSAGE][PASSED] - Verify response status code successfully

2023-10-13 23:52:23 - [TEST_STEP][PASSED] - verifyElementPropertyValue(response, "name", "morpheus"): Verify element property value successfully

2023-10-13 23:52:23 - [MESSAGE][PASSED] - Verify element property value successfully]]></system-out>
         <system-err><![CDATA[]]></system-err>
      </testcase>
      <testcase name="Test Cases/Manage User/Update User" time="0.706" classname="Test Cases/Manage User/Update User" status="PASSED">
         <system-out><![CDATA[2023-10-13 23:52:23 - [TEST_CASE][PASSED] - Test Cases/Manage User/Update User: Test Cases/Manage User/Update User

2023-10-13 23:52:23 - [TEST_STEP][PASSED] - response = sendRequest(findTestObject("Manage User/Update User Info")): Send request successfully

2023-10-13 23:52:24 - [MESSAGE][INFO] - HAR: C:\Users\vutha\git\SampleWebAPITesting\Reports\20231013_235219\OneForAll\20231013_235219\requests\main\2.har

2023-10-13 23:52:24 - [MESSAGE][PASSED] - Send request successfully

2023-10-13 23:52:24 - [TEST_STEP][PASSED] - verifyResponseStatusCode(response, 200): Verify response status code successfully

2023-10-13 23:52:24 - [MESSAGE][PASSED] - Verify response status code successfully]]></system-out>
         <system-err><![CDATA[]]></system-err>
      </testcase>
      <system-out><![CDATA[2023-10-13 23:52:20 - [TEST_SUITE][PASSED] - OneForAll: Test Cases/Manage User/Update User]]></system-out>
      <system-err><![CDATA[]]></system-err>
   </testsuite>
</testsuites>
